2020-10-28 17:05:34,291 INFO     lbry.extras.daemon.daemon:485: Starting LBRYNet Daemon
2020-10-28 17:05:34,293 INFO     lbry.extras.daemon.daemon:487: Platform: {
  "processor": "x86_64",
  "python_version": "3.7.9",
  "platform": "Linux-5.4.0-52-generic-x86_64-with-Ubuntu-18.04-bionic",
  "os_release": "5.4.0-52-generic",
  "os_system": "Linux",
  "lbrynet_version": "0.83.0",
  "version": "0.83.0",
  "build": "release",
  "distro": {
    "id": "ubuntu",
    "version": "18.04",
    "version_parts": {
      "major": "18",
      "minor": "04",
      "build_number": ""
    },
    "like": "debian",
    "codename": "bionic"
  },
  "desktop": "Unknown"
}
2020-10-28 17:05:34,295 INFO     lbry.extras.daemon.daemon:501: RPC server listening on TCP 0.0.0.0:5179
2020-10-28 17:05:34,296 ERROR    lbry.extras.daemon.daemon:514: media server failed to bind TCP localhost:5280
2020-10-28 17:05:34,296 INFO     lbry.extras.daemon.daemon:560: stopped api components
2020-10-28 17:05:34,296 INFO     lbry.extras.daemon.daemon:564: stopped api server
2020-10-28 17:05:34,297 INFO     lbry.extras.daemon.daemon:567: finished shutting down
2020-10-28 17:06:04,609 INFO     lbry.extras.daemon.daemon:485: Starting LBRYNet Daemon
2020-10-28 17:06:04,609 INFO     lbry.extras.daemon.daemon:487: Platform: {
  "processor": "x86_64",
  "python_version": "3.7.9",
  "platform": "Linux-5.4.0-52-generic-x86_64-with-Ubuntu-18.04-bionic",
  "os_release": "5.4.0-52-generic",
  "os_system": "Linux",
  "lbrynet_version": "0.83.0",
  "version": "0.83.0",
  "build": "release",
  "distro": {
    "id": "ubuntu",
    "version": "18.04",
    "version_parts": {
      "major": "18",
      "minor": "04",
      "build_number": ""
    },
    "like": "debian",
    "codename": "bionic"
  },
  "desktop": "Unknown"
}
2020-10-28 17:06:04,611 INFO     lbry.extras.daemon.daemon:501: RPC server listening on TCP 0.0.0.0:5179
2020-10-28 17:06:04,613 ERROR    lbry.extras.daemon.daemon:514: media server failed to bind TCP localhost:5280
2020-10-28 17:06:04,613 INFO     lbry.extras.daemon.daemon:560: stopped api components
2020-10-28 17:06:04,613 INFO     lbry.extras.daemon.daemon:564: stopped api server
2020-10-28 17:06:04,613 INFO     lbry.extras.daemon.daemon:567: finished shutting down
2020-10-28 17:07:33,767 INFO     lbry.extras.daemon.daemon:485: Starting LBRYNet Daemon
2020-10-28 17:07:33,768 INFO     lbry.extras.daemon.daemon:487: Platform: {
  "processor": "x86_64",
  "python_version": "3.7.9",
  "platform": "Linux-5.4.0-52-generic-x86_64-with-Ubuntu-18.04-bionic",
  "os_release": "5.4.0-52-generic",
  "os_system": "Linux",
  "lbrynet_version": "0.83.0",
  "version": "0.83.0",
  "build": "release",
  "distro": {
    "id": "ubuntu",
    "version": "18.04",
    "version_parts": {
      "major": "18",
      "minor": "04",
      "build_number": ""
    },
    "like": "debian",
    "codename": "bionic"
  },
  "desktop": "Unknown"
}
2020-10-28 17:07:33,769 INFO     lbry.extras.daemon.daemon:501: RPC server listening on TCP 0.0.0.0:5179
2020-10-28 17:07:33,770 ERROR    lbry.extras.daemon.daemon:514: media server failed to bind TCP localhost:5280
2020-10-28 17:07:33,771 INFO     lbry.extras.daemon.daemon:560: stopped api components
2020-10-28 17:07:33,771 INFO     lbry.extras.daemon.daemon:564: stopped api server
2020-10-28 17:07:33,771 INFO     lbry.extras.daemon.daemon:567: finished shutting down
2020-10-28 17:07:47,046 INFO     lbry.extras.daemon.daemon:485: Starting LBRYNet Daemon
2020-10-28 17:07:47,047 INFO     lbry.extras.daemon.daemon:487: Platform: {
  "processor": "x86_64",
  "python_version": "3.7.9",
  "platform": "Linux-5.4.0-52-generic-x86_64-with-Ubuntu-18.04-bionic",
  "os_release": "5.4.0-52-generic",
  "os_system": "Linux",
  "lbrynet_version": "0.83.0",
  "version": "0.83.0",
  "build": "release",
  "distro": {
    "id": "ubuntu",
    "version": "18.04",
    "version_parts": {
      "major": "18",
      "minor": "04",
      "build_number": ""
    },
    "like": "debian",
    "codename": "bionic"
  },
  "desktop": "Unknown"
}
2020-10-28 17:07:47,049 INFO     lbry.extras.daemon.daemon:501: RPC server listening on TCP 0.0.0.0:5179
2020-10-28 17:07:47,049 INFO     lbry.extras.daemon.daemon:511: media server listening on TCP 0.0.0.0:5280
2020-10-28 17:07:47,050 INFO     lbry.extras.daemon.components:74: Loading databases
2020-10-28 17:07:47,050 INFO     lbry.extras.daemon.components:77: db_revision file not found. Creating it
2020-10-28 17:07:47,050 INFO     lbry.wallet.database:409: connecting to database: /home/lbrynet/.local/share/lbry/lbrynet/lbrynet.sqlite
2020-10-28 17:07:47,050 INFO     lbry.extras.daemon.exchange_rate_manager:184: Starting exchange rate manager
2020-10-28 17:07:47,051 INFO     lbry.extras.daemon.components:531: detecting external ip
2020-10-28 17:07:47,078 INFO     lbry.extras.daemon.daemon:470: detected internet connection is working
2020-10-28 17:07:50,055 WARNING  lbry.extras.daemon.components:461: upnp discovery failed: M-SEARCH for 172.25.0.1:1900 timed out
2020-10-28 17:07:50,056 ERROR    lbry.extras.daemon.components:546: failed to setup upnp
2020-10-28 17:07:50,175 INFO     lbry.extras.daemon.components:550: detected external ip using lbry.com fallback
2020-10-28 17:07:50,177 INFO     lbry.extras.daemon.components:164: Starting wallet
2020-10-28 17:07:50,497 INFO     lbry.wallet.manager:209: Wallet at default_wallet is empty, generating a default account.
2020-10-28 17:07:50,633 INFO     lbry.extras.daemon.components:270: start the dht
2020-10-28 17:07:50,634 INFO     lbry.extras.daemon.components:294: Started the dht
2020-10-28 17:07:50,635 INFO     lbry.wallet.database:409: connecting to database: /home/lbrynet/.local/share/lbry/lbryum/lbc_mainnet/blockchain.db
2020-10-28 17:07:50,636 INFO     lbry.dht.node:126: DHT node listening on UDP 0.0.0.0:4444
2020-10-28 17:07:51,026 INFO     lbry.wallet.network:382: connected to spv19.lbry.com:50001
2020-10-28 17:07:51,027 INFO     lbry.wallet.network:200: Switching to SPV wallet server: spv19.lbry.com:50001
2020-10-28 17:07:51,066 INFO     lbry.wallet.network:205: Subscribed to headers: spv19.lbry.com:50001
2020-10-28 17:07:51,067 INFO     lbry.wallet.ledger:344: Subscribing and updating accounts.
2020-10-28 17:07:51,069 INFO     lbry.wallet.ledger:453: Subscribe to 1 accounts
2020-10-28 17:07:51,173 INFO     lbry.wallet.header:178: on-demand fetching height 740999
2020-10-28 17:07:51,174 INFO     lbry.wallet.ledger:483: subscribed to 20/20 addresses on 216.19.244.21:50001
2020-10-28 17:07:51,175 INFO     lbry.wallet.ledger:486: finished subscribing to 20 addresses on 216.19.244.21:50001
2020-10-28 17:07:51,175 INFO     lbry.wallet.ledger:144: (lbc_mainnet) on_address: ['bSWu484PW1vDsRPDHZh24BXu5zBog1cZGf', 'bagveTnDA7oFCAVUkzZq8jfviZA7DMtwHX', 'bDqstd8BjjBbZf5QkkFnywPxU2AULuD1uR', 'bL1MACH7wu4KBpRiyqn57WguABSWQixoTH', 'bLmtB7bQF81f1x4pcfZU7ppdRF9Y2Vehbc', 'bTuTjFT9B5gVtTqKcsFB2CYq2EFwGi5DhB', 'bV7Je9CVah8dqgUSbwoDtp6QwywBJ2UZof', 'bYjAwVU74vfQrnxLMnF3uXpfMbdbEN32CW', 'bFf3zt5wLTBd75XvSVywzPjxpTi267yvsk', 'bMkfVAMqmzinD5NnfGoNTVAnpS6UoWAY1i', 'bRAQUkevd2EDPjEWEWN5jepeUDFz5DfvtB', 'baZM5bEjkntwUqh1JXnScdPZx6jkRWNSur', 'bDUMqN228CrMNqNRY3FPSjbvdBeRoEWBbz', 'bXWcbXaikjH9axt4cXM777MCCGtU63ETMs', 'bD1dyanWiEzSfTPmxck2FpRQDwE14mG7jx', 'bX3r8ryTYTMjedxMMoF9SDgshqhrE5aWmy', 'bRMQgWzPgYSP1cgoEW7UoGLu2BJUTWVAXX', 'bToNjWTLA8omwSb3Xo3NvQ2gsSoDEmAT17', 'bbfhrczhpQE3vWCG8SkwKzuwCtHRy6Ddd8', 'bVbwbcT9kdYSq1k8oNcYiWw4ufYD9CDisw']
2020-10-28 17:07:51,263 INFO     lbry.wallet.ledger:152: lbc_mainnet: added BlockHeightEvent(height=743000, change=2001) header blocks, final height 743000
2020-10-28 17:07:51,281 INFO     lbry.wallet.ledger:483: subscribed to 6/6 addresses on 216.19.244.21:50001
2020-10-28 17:07:51,282 INFO     lbry.wallet.ledger:486: finished subscribing to 6 addresses on 216.19.244.21:50001
2020-10-28 17:07:51,282 INFO     lbry.wallet.ledger:144: (lbc_mainnet) on_address: ['bJzzDt1WniosEXr9NAXtmp7KGTWkQpnXqM', 'ba8EgTGRWj7W1BX1gdz16u4BK6Cbw7EHWE', 'bT7cVMr8HqzwmGwDxHz5mvUif9inKZ4mHe', 'bV5YdBUkXdTJng1vzh9fnS255L9k3acKX3', 'bXoWRxG76LUTNojT8AcXqSNHt9n99VHTSR', 'bTQ7sv9eV6h6dwdCYvHKq95eDnNGEPAhp5']
2020-10-28 17:07:51,345 INFO     lbry.wallet.ledger:152: lbc_mainnet: added BlockHeightEvent(height=745001, change=2001) header blocks, final height 745001
2020-10-28 17:07:51,426 INFO     lbry.wallet.ledger:152: lbc_mainnet: added BlockHeightEvent(height=747002, change=2001) header blocks, final height 747002
2020-10-28 17:07:51,508 INFO     lbry.wallet.ledger:152: lbc_mainnet: added BlockHeightEvent(height=749003, change=2001) header blocks, final height 749003
2020-10-28 17:07:51,509 INFO     lbry.wallet.network:382: connected to spv13.lbry.com:50001
2020-10-28 17:07:51,594 INFO     lbry.wallet.ledger:152: lbc_mainnet: added BlockHeightEvent(height=751004, change=2001) header blocks, final height 751004
2020-10-28 17:07:52,209 INFO     lbry.wallet.network:382: connected to spv17.lbry.com:50001
2020-10-28 17:07:53,004 INFO     lbry.wallet.network:382: connected to spv15.lbry.com:50001
2020-10-28 17:07:53,020 INFO     lbry.wallet.network:382: connected to spv18.lbry.com:50001
2020-10-28 17:07:53,113 INFO     lbry.wallet.ledger:152: lbc_mainnet: added BlockHeightEvent(height=753005, change=2001) header blocks, final height 753005
2020-10-28 17:07:53,114 INFO     lbry.wallet.network:382: connected to spv14.lbry.com:50001
2020-10-28 17:07:53,194 INFO     lbry.wallet.ledger:152: lbc_mainnet: added BlockHeightEvent(height=755006, change=2001) header blocks, final height 755006
2020-10-28 17:07:53,273 INFO     lbry.wallet.ledger:152: lbc_mainnet: added BlockHeightEvent(height=757007, change=2001) header blocks, final height 757007
2020-10-28 17:07:53,361 INFO     lbry.wallet.ledger:152: lbc_mainnet: added BlockHeightEvent(height=759008, change=2001) header blocks, final height 759008
2020-10-28 17:07:53,441 INFO     lbry.wallet.ledger:152: lbc_mainnet: added BlockHeightEvent(height=761009, change=2001) header blocks, final height 761009
2020-10-28 17:07:53,524 INFO     lbry.wallet.ledger:152: lbc_mainnet: added BlockHeightEvent(height=763010, change=2001) header blocks, final height 763010
2020-10-28 17:07:53,622 INFO     lbry.wallet.ledger:152: lbc_mainnet: added BlockHeightEvent(height=765011, change=2001) header blocks, final height 765011
2020-10-28 17:07:53,707 INFO     lbry.wallet.ledger:152: lbc_mainnet: added BlockHeightEvent(height=767012, change=2001) header blocks, final height 767012
2020-10-28 17:07:53,792 INFO     lbry.wallet.ledger:152: lbc_mainnet: added BlockHeightEvent(height=769013, change=2001) header blocks, final height 769013
2020-10-28 17:07:53,880 INFO     lbry.wallet.ledger:152: lbc_mainnet: added BlockHeightEvent(height=771014, change=2001) header blocks, final height 771014
2020-10-28 17:07:54,164 INFO     lbry.wallet.ledger:152: lbc_mainnet: added BlockHeightEvent(height=773015, change=2001) header blocks, final height 773015
2020-10-28 17:07:54,249 INFO     lbry.wallet.ledger:152: lbc_mainnet: added BlockHeightEvent(height=775016, change=2001) header blocks, final height 775016
2020-10-28 17:07:54,331 INFO     lbry.wallet.ledger:152: lbc_mainnet: added BlockHeightEvent(height=777017, change=2001) header blocks, final height 777017
2020-10-28 17:07:54,416 INFO     lbry.wallet.ledger:152: lbc_mainnet: added BlockHeightEvent(height=779018, change=2001) header blocks, final height 779018
2020-10-28 17:07:54,527 INFO     lbry.wallet.ledger:152: lbc_mainnet: added BlockHeightEvent(height=781019, change=2001) header blocks, final height 781019
2020-10-28 17:07:54,615 INFO     lbry.wallet.ledger:152: lbc_mainnet: added BlockHeightEvent(height=783020, change=2001) header blocks, final height 783020
2020-10-28 17:07:54,700 INFO     lbry.wallet.ledger:152: lbc_mainnet: added BlockHeightEvent(height=785021, change=2001) header blocks, final height 785021
2020-10-28 17:07:54,783 INFO     lbry.wallet.ledger:152: lbc_mainnet: added BlockHeightEvent(height=787022, change=2001) header blocks, final height 787022
2020-10-28 17:07:54,864 INFO     lbry.wallet.ledger:152: lbc_mainnet: added BlockHeightEvent(height=789023, change=2001) header blocks, final height 789023
2020-10-28 17:07:54,962 INFO     lbry.wallet.ledger:152: lbc_mainnet: added BlockHeightEvent(height=791024, change=2001) header blocks, final height 791024
2020-10-28 17:07:55,059 INFO     lbry.wallet.ledger:152: lbc_mainnet: added BlockHeightEvent(height=793025, change=2001) header blocks, final height 793025
2020-10-28 17:07:55,364 INFO     lbry.wallet.ledger:152: lbc_mainnet: added BlockHeightEvent(height=795026, change=2001) header blocks, final height 795026
2020-10-28 17:07:55,472 INFO     lbry.wallet.ledger:152: lbc_mainnet: added BlockHeightEvent(height=797027, change=2001) header blocks, final height 797027
2020-10-28 17:07:55,555 INFO     lbry.wallet.ledger:152: lbc_mainnet: added BlockHeightEvent(height=799028, change=2001) header blocks, final height 799028
2020-10-28 17:07:55,650 INFO     lbry.wallet.ledger:152: lbc_mainnet: added BlockHeightEvent(height=801029, change=2001) header blocks, final height 801029
2020-10-28 17:07:55,738 INFO     lbry.wallet.ledger:152: lbc_mainnet: added BlockHeightEvent(height=803030, change=2001) header blocks, final height 803030
2020-10-28 17:07:55,847 INFO     lbry.wallet.ledger:152: lbc_mainnet: added BlockHeightEvent(height=805031, change=2001) header blocks, final height 805031
2020-10-28 17:07:55,933 INFO     lbry.wallet.ledger:152: lbc_mainnet: added BlockHeightEvent(height=807032, change=2001) header blocks, final height 807032
2020-10-28 17:07:56,018 INFO     lbry.wallet.ledger:152: lbc_mainnet: added BlockHeightEvent(height=809033, change=2001) header blocks, final height 809033
2020-10-28 17:07:56,295 INFO     lbry.wallet.ledger:152: lbc_mainnet: added BlockHeightEvent(height=811034, change=2001) header blocks, final height 811034
2020-10-28 17:07:57,792 INFO     lbry.wallet.ledger:152: lbc_mainnet: added BlockHeightEvent(height=813035, change=2001) header blocks, final height 813035
2020-10-28 17:07:57,903 INFO     lbry.wallet.ledger:152: lbc_mainnet: added BlockHeightEvent(height=815036, change=2001) header blocks, final height 815036
2020-10-28 17:07:57,999 INFO     lbry.wallet.ledger:152: lbc_mainnet: added BlockHeightEvent(height=817037, change=2001) header blocks, final height 817037
2020-10-28 17:07:58,118 INFO     lbry.wallet.ledger:152: lbc_mainnet: added BlockHeightEvent(height=819038, change=2001) header blocks, final height 819038
2020-10-28 17:07:58,212 INFO     lbry.wallet.ledger:152: lbc_mainnet: added BlockHeightEvent(height=821039, change=2001) header blocks, final height 821039
2020-10-28 17:07:58,310 INFO     lbry.wallet.ledger:152: lbc_mainnet: added BlockHeightEvent(height=823040, change=2001) header blocks, final height 823040
2020-10-28 17:07:58,412 INFO     lbry.wallet.ledger:152: lbc_mainnet: added BlockHeightEvent(height=825041, change=2001) header blocks, final height 825041
2020-10-28 17:07:58,509 INFO     lbry.wallet.ledger:152: lbc_mainnet: added BlockHeightEvent(height=827042, change=2001) header blocks, final height 827042
2020-10-28 17:07:58,619 INFO     lbry.wallet.ledger:152: lbc_mainnet: added BlockHeightEvent(height=829043, change=2001) header blocks, final height 829043
2020-10-28 17:07:58,873 INFO     lbry.wallet.ledger:152: lbc_mainnet: added BlockHeightEvent(height=831044, change=2001) header blocks, final height 831044
2020-10-28 17:07:58,973 INFO     lbry.wallet.ledger:152: lbc_mainnet: added BlockHeightEvent(height=833045, change=2001) header blocks, final height 833045
2020-10-28 17:07:59,068 INFO     lbry.wallet.ledger:152: lbc_mainnet: added BlockHeightEvent(height=835046, change=2001) header blocks, final height 835046
2020-10-28 17:07:59,163 INFO     lbry.wallet.ledger:152: lbc_mainnet: added BlockHeightEvent(height=837047, change=2001) header blocks, final height 837047
2020-10-28 17:07:59,259 INFO     lbry.wallet.ledger:152: lbc_mainnet: added BlockHeightEvent(height=839048, change=2001) header blocks, final height 839048
2020-10-28 17:07:59,352 INFO     lbry.wallet.ledger:152: lbc_mainnet: added BlockHeightEvent(height=841049, change=2001) header blocks, final height 841049
2020-10-28 17:07:59,450 INFO     lbry.wallet.ledger:152: lbc_mainnet: added BlockHeightEvent(height=843050, change=2001) header blocks, final height 843050
2020-10-28 17:07:59,548 INFO     lbry.wallet.ledger:152: lbc_mainnet: added BlockHeightEvent(height=845051, change=2001) header blocks, final height 845051
2020-10-28 17:07:59,646 INFO     lbry.wallet.ledger:152: lbc_mainnet: added BlockHeightEvent(height=847052, change=2001) header blocks, final height 847052
2020-10-28 17:07:59,734 INFO     lbry.wallet.ledger:152: lbc_mainnet: added BlockHeightEvent(height=849053, change=2001) header blocks, final height 849053
2020-10-28 17:08:00,043 INFO     lbry.wallet.ledger:152: lbc_mainnet: added BlockHeightEvent(height=851054, change=2001) header blocks, final height 851054
2020-10-28 17:08:00,134 INFO     lbry.wallet.ledger:152: lbc_mainnet: added BlockHeightEvent(height=853055, change=2001) header blocks, final height 853055
2020-10-28 17:08:00,198 INFO     lbry.wallet.ledger:152: lbc_mainnet: added BlockHeightEvent(height=854333, change=1278) header blocks, final height 854333
2020-10-28 17:08:00,241 INFO     lbry.wallet.header:178: on-demand fetching height 739000
2020-10-28 17:08:00,244 INFO     lbry.wallet.ledger:981: Loaded account baN4mvNiUmQy9AmgHeHiU5eUybf66wXqM7 with 0.0 LBC, 20 receiving addresses (gap: 20), 6 change addresses (gap: 6), 0 channels, 0 certificates and 0 claims. 
2020-10-28 17:08:00,244 INFO     lbry.extras.daemon.components:317: Started blob announcer
2020-10-28 17:08:00,245 INFO     lbry.extras.daemon.components:355: Starting the file manager
2020-10-28 17:08:00,245 INFO     lbry.extras.daemon.components:415: start blob server
2020-10-28 17:08:00,246 INFO     lbry.stream.stream_manager:134: Initializing 0 files
2020-10-28 17:08:00,246 INFO     lbry.stream.stream_manager:150: Started stream manager with 0 files
2020-10-28 17:08:00,246 INFO     lbry.extras.daemon.components:368: Done setting up file manager
2020-10-28 17:08:00,247 INFO     lbry.blob_exchange.server:176: Blob server listening on TCP 0.0.0.0:3333
2020-10-28 17:08:00,268 INFO     lbry.wallet.header:178: on-demand fetching height 738000
2020-10-28 17:08:00,295 INFO     lbry.wallet.header:178: on-demand fetching height 737000
2020-10-28 17:08:00,323 INFO     lbry.wallet.header:178: on-demand fetching height 736000
2020-10-28 17:08:00,354 INFO     lbry.wallet.header:178: on-demand fetching height 735000
2020-10-28 17:08:00,386 INFO     lbry.wallet.header:178: on-demand fetching height 734000
2020-10-28 17:08:00,414 INFO     lbry.wallet.header:178: on-demand fetching height 733000
2020-10-28 17:08:00,447 INFO     lbry.wallet.header:178: on-demand fetching height 732000
2020-10-28 17:08:00,479 INFO     lbry.wallet.header:178: on-demand fetching height 731000
2020-10-28 17:08:00,510 INFO     lbry.wallet.header:178: on-demand fetching height 730000
2020-10-28 17:08:00,541 INFO     lbry.wallet.header:178: on-demand fetching height 729000
2020-10-28 17:08:00,573 INFO     lbry.wallet.header:178: on-demand fetching height 728000
2020-10-28 17:08:00,605 INFO     lbry.wallet.header:178: on-demand fetching height 727000
2020-10-28 17:08:00,640 INFO     lbry.wallet.header:178: on-demand fetching height 726000
2020-10-28 17:08:00,672 INFO     lbry.wallet.header:178: on-demand fetching height 725000
2020-10-28 17:08:00,705 INFO     lbry.wallet.header:178: on-demand fetching height 724000
2020-10-28 17:08:00,736 INFO     lbry.wallet.header:178: on-demand fetching height 723000
2020-10-28 17:08:00,767 INFO     lbry.wallet.header:178: on-demand fetching height 722000
2020-10-28 17:08:00,801 INFO     lbry.wallet.header:178: on-demand fetching height 721000
2020-10-28 17:08:00,832 INFO     lbry.wallet.header:178: on-demand fetching height 720000
2020-10-28 17:08:00,866 INFO     lbry.wallet.header:178: on-demand fetching height 719000
2020-10-28 17:08:00,899 INFO     lbry.wallet.header:178: on-demand fetching height 718000
2020-10-28 17:08:00,933 INFO     lbry.wallet.header:178: on-demand fetching height 717000
2020-10-28 17:08:02,417 INFO     lbry.wallet.header:178: on-demand fetching height 716000
2020-10-28 17:08:02,449 INFO     lbry.wallet.header:178: on-demand fetching height 715000
2020-10-28 17:08:02,478 INFO     lbry.wallet.header:178: on-demand fetching height 714000
2020-10-28 17:08:02,506 INFO     lbry.wallet.header:178: on-demand fetching height 713000
2020-10-28 17:08:02,534 INFO     lbry.wallet.header:178: on-demand fetching height 712000
2020-10-28 17:08:02,562 INFO     lbry.wallet.header:178: on-demand fetching height 711000
2020-10-28 17:08:02,597 INFO     lbry.wallet.header:178: on-demand fetching height 710000
2020-10-28 17:08:02,631 INFO     lbry.wallet.header:178: on-demand fetching height 709000
2020-10-28 17:08:02,664 INFO     lbry.wallet.header:178: on-demand fetching height 708000
2020-10-28 17:08:02,693 INFO     lbry.wallet.header:178: on-demand fetching height 707000
2020-10-28 17:08:02,721 INFO     lbry.wallet.header:178: on-demand fetching height 706000
2020-10-28 17:08:02,750 INFO     lbry.wallet.header:178: on-demand fetching height 705000
2020-10-28 17:08:02,778 INFO     lbry.wallet.header:178: on-demand fetching height 704000
2020-10-28 17:08:02,809 INFO     lbry.wallet.header:178: on-demand fetching height 703000
2020-10-28 17:08:02,837 INFO     lbry.wallet.header:178: on-demand fetching height 702000
2020-10-28 17:08:02,931 INFO     lbry.wallet.header:178: on-demand fetching height 701000
2020-10-28 17:08:02,966 INFO     lbry.wallet.header:178: on-demand fetching height 700000
2020-10-28 17:08:02,997 INFO     lbry.wallet.header:178: on-demand fetching height 699000
2020-10-28 17:08:03,030 INFO     lbry.wallet.header:178: on-demand fetching height 698000
2020-10-28 17:08:03,060 INFO     lbry.wallet.header:178: on-demand fetching height 697000
2020-10-28 17:08:03,087 INFO     lbry.wallet.header:178: on-demand fetching height 696000
2020-10-28 17:08:03,116 INFO     lbry.wallet.header:178: on-demand fetching height 695000
2020-10-28 17:08:03,149 INFO     lbry.wallet.header:178: on-demand fetching height 694000
2020-10-28 17:08:03,185 INFO     lbry.wallet.header:178: on-demand fetching height 693000
2020-10-28 17:08:03,214 INFO     lbry.wallet.header:178: on-demand fetching height 692000
2020-10-28 17:08:03,244 INFO     lbry.wallet.header:178: on-demand fetching height 691000
2020-10-28 17:08:03,276 INFO     lbry.wallet.header:178: on-demand fetching height 690000
2020-10-28 17:08:03,306 INFO     lbry.wallet.header:178: on-demand fetching height 689000
2020-10-28 17:08:03,536 INFO     lbry.wallet.header:178: on-demand fetching height 688000
2020-10-28 17:08:03,569 INFO     lbry.wallet.header:178: on-demand fetching height 687000
2020-10-28 17:08:03,601 INFO     lbry.wallet.header:178: on-demand fetching height 686000
2020-10-28 17:08:03,631 INFO     lbry.wallet.header:178: on-demand fetching height 685000
2020-10-28 17:08:03,664 INFO     lbry.wallet.header:178: on-demand fetching height 684000
2020-10-28 17:08:03,744 INFO     lbry.wallet.header:178: on-demand fetching height 683000
2020-10-28 17:08:03,780 INFO     lbry.wallet.header:178: on-demand fetching height 682000
2020-10-28 17:08:03,811 INFO     lbry.wallet.header:178: on-demand fetching height 681000
2020-10-28 17:08:03,840 INFO     lbry.wallet.header:178: on-demand fetching height 680000
2020-10-28 17:08:03,868 INFO     lbry.wallet.header:178: on-demand fetching height 679000
2020-10-28 17:08:03,898 INFO     lbry.wallet.header:178: on-demand fetching height 678000
2020-10-28 17:08:03,930 INFO     lbry.wallet.header:178: on-demand fetching height 677000
2020-10-28 17:08:03,968 INFO     lbry.wallet.header:178: on-demand fetching height 676000
2020-10-28 17:08:04,005 INFO     lbry.wallet.header:178: on-demand fetching height 675000
2020-10-28 17:08:04,037 INFO     lbry.wallet.header:178: on-demand fetching height 674000
2020-10-28 17:08:04,070 INFO     lbry.wallet.header:178: on-demand fetching height 673000
2020-10-28 17:08:04,104 INFO     lbry.wallet.header:178: on-demand fetching height 672000
2020-10-28 17:08:04,139 INFO     lbry.wallet.header:178: on-demand fetching height 671000
2020-10-28 17:08:04,177 INFO     lbry.wallet.header:178: on-demand fetching height 670000
2020-10-28 17:08:04,213 INFO     lbry.wallet.header:178: on-demand fetching height 669000
2020-10-28 17:08:04,262 INFO     lbry.wallet.header:178: on-demand fetching height 668000
2020-10-28 17:08:04,304 INFO     lbry.wallet.header:178: on-demand fetching height 667000
2020-10-28 17:08:04,339 INFO     lbry.wallet.header:178: on-demand fetching height 666000
2020-10-28 17:08:04,374 INFO     lbry.wallet.header:178: on-demand fetching height 665000
2020-10-28 17:08:04,412 INFO     lbry.wallet.header:178: on-demand fetching height 664000
2020-10-28 17:08:04,447 INFO     lbry.wallet.header:178: on-demand fetching height 663000
2020-10-28 17:08:04,482 INFO     lbry.wallet.header:178: on-demand fetching height 662000
2020-10-28 17:08:04,695 INFO     lbry.wallet.header:178: on-demand fetching height 661000
2020-10-28 17:08:04,732 INFO     lbry.wallet.header:178: on-demand fetching height 660000
2020-10-28 17:08:04,767 INFO     lbry.wallet.header:178: on-demand fetching height 659000
2020-10-28 17:08:04,799 INFO     lbry.wallet.header:178: on-demand fetching height 658000
2020-10-28 17:08:04,835 INFO     lbry.wallet.header:178: on-demand fetching height 657000
2020-10-28 17:08:04,868 INFO     lbry.wallet.header:178: on-demand fetching height 656000
2020-10-28 17:08:04,905 INFO     lbry.wallet.header:178: on-demand fetching height 655000
2020-10-28 17:08:04,938 INFO     lbry.wallet.header:178: on-demand fetching height 654000
2020-10-28 17:08:04,973 INFO     lbry.wallet.header:178: on-demand fetching height 653000
2020-10-28 17:08:05,007 INFO     lbry.wallet.header:178: on-demand fetching height 652000
2020-10-28 17:08:05,041 INFO     lbry.wallet.header:178: on-demand fetching height 651000
2020-10-28 17:08:05,075 INFO     lbry.wallet.header:178: on-demand fetching height 650000
2020-10-28 17:08:05,106 INFO     lbry.wallet.header:178: on-demand fetching height 649000
2020-10-28 17:08:05,143 INFO     lbry.wallet.header:178: on-demand fetching height 648000
2020-10-28 17:08:05,177 INFO     lbry.wallet.header:178: on-demand fetching height 647000
2020-10-28 17:08:05,213 INFO     lbry.wallet.header:178: on-demand fetching height 646000
2020-10-28 17:08:05,252 INFO     lbry.wallet.header:178: on-demand fetching height 645000
2020-10-28 17:08:05,286 INFO     lbry.wallet.header:178: on-demand fetching height 644000
2020-10-28 17:08:05,321 INFO     lbry.wallet.header:178: on-demand fetching height 643000
2020-10-28 17:08:05,357 INFO     lbry.wallet.header:178: on-demand fetching height 642000
2020-10-28 17:08:05,392 INFO     lbry.wallet.header:178: on-demand fetching height 641000
2020-10-28 17:08:05,427 INFO     lbry.wallet.header:178: on-demand fetching height 640000
2020-10-28 17:08:05,462 INFO     lbry.wallet.header:178: on-demand fetching height 639000
2020-10-28 17:08:05,499 INFO     lbry.wallet.header:178: on-demand fetching height 638000
2020-10-28 17:08:05,534 INFO     lbry.wallet.header:178: on-demand fetching height 637000
2020-10-28 17:08:05,566 INFO     lbry.wallet.header:178: on-demand fetching height 636000
2020-10-28 17:08:05,600 INFO     lbry.wallet.header:178: on-demand fetching height 635000
2020-10-28 17:08:05,638 INFO     lbry.wallet.header:178: on-demand fetching height 634000
2020-10-28 17:08:07,169 INFO     lbry.wallet.header:178: on-demand fetching height 633000
2020-10-28 17:08:07,206 INFO     lbry.wallet.header:178: on-demand fetching height 632000
2020-10-28 17:08:07,243 INFO     lbry.wallet.header:178: on-demand fetching height 631000
2020-10-28 17:08:07,279 INFO     lbry.wallet.header:178: on-demand fetching height 630000
2020-10-28 17:08:07,313 INFO     lbry.wallet.header:178: on-demand fetching height 629000
2020-10-28 17:08:07,347 INFO     lbry.wallet.header:178: on-demand fetching height 628000
2020-10-28 17:08:07,380 INFO     lbry.wallet.header:178: on-demand fetching height 627000
2020-10-28 17:08:07,418 INFO     lbry.wallet.header:178: on-demand fetching height 626000
2020-10-28 17:08:07,455 INFO     lbry.wallet.header:178: on-demand fetching height 625000
2020-10-28 17:08:07,485 INFO     lbry.wallet.header:178: on-demand fetching height 624000
2020-10-28 17:08:07,518 INFO     lbry.wallet.header:178: on-demand fetching height 623000
2020-10-28 17:08:07,545 INFO     lbry.wallet.header:178: on-demand fetching height 622000
2020-10-28 17:08:07,572 INFO     lbry.wallet.header:178: on-demand fetching height 621000
2020-10-28 17:08:07,602 INFO     lbry.wallet.header:178: on-demand fetching height 620000
2020-10-28 17:08:07,630 INFO     lbry.wallet.header:178: on-demand fetching height 619000
2020-10-28 17:08:07,660 INFO     lbry.wallet.header:178: on-demand fetching height 618000
2020-10-28 17:08:07,689 INFO     lbry.wallet.header:178: on-demand fetching height 617000
2020-10-28 17:08:07,723 INFO     lbry.wallet.header:178: on-demand fetching height 616000
2020-10-28 17:08:07,753 INFO     lbry.wallet.header:178: on-demand fetching height 615000
2020-10-28 17:08:07,782 INFO     lbry.wallet.header:178: on-demand fetching height 614000
2020-10-28 17:08:07,815 INFO     lbry.wallet.header:178: on-demand fetching height 613000
2020-10-28 17:08:07,847 INFO     lbry.wallet.header:178: on-demand fetching height 612000
2020-10-28 17:08:07,879 INFO     lbry.wallet.header:178: on-demand fetching height 611000
2020-10-28 17:08:07,910 INFO     lbry.wallet.header:178: on-demand fetching height 610000
2020-10-28 17:08:07,941 INFO     lbry.wallet.header:178: on-demand fetching height 609000
2020-10-28 17:08:07,971 INFO     lbry.wallet.header:178: on-demand fetching height 608000
2020-10-28 17:08:08,003 INFO     lbry.wallet.header:178: on-demand fetching height 607000
2020-10-28 17:08:08,035 INFO     lbry.wallet.header:178: on-demand fetching height 606000
2020-10-28 17:08:08,235 INFO     lbry.wallet.header:178: on-demand fetching height 605000
2020-10-28 17:08:08,268 INFO     lbry.wallet.header:178: on-demand fetching height 604000
2020-10-28 17:08:08,301 INFO     lbry.wallet.header:178: on-demand fetching height 603000
2020-10-28 17:08:08,333 INFO     lbry.wallet.header:178: on-demand fetching height 602000
2020-10-28 17:08:08,386 INFO     lbry.wallet.header:178: on-demand fetching height 601000
2020-10-28 17:08:08,425 INFO     lbry.wallet.header:178: on-demand fetching height 600000
2020-10-28 17:08:08,459 INFO     lbry.wallet.header:178: on-demand fetching height 599000
2020-10-28 17:08:08,493 INFO     lbry.wallet.header:178: on-demand fetching height 598000
2020-10-28 17:08:08,523 INFO     lbry.wallet.header:178: on-demand fetching height 597000
2020-10-28 17:08:08,554 INFO     lbry.wallet.header:178: on-demand fetching height 596000
2020-10-28 17:08:08,584 INFO     lbry.wallet.header:178: on-demand fetching height 595000
2020-10-28 17:08:08,613 INFO     lbry.wallet.header:178: on-demand fetching height 594000
2020-10-28 17:08:08,641 INFO     lbry.wallet.header:178: on-demand fetching height 593000
2020-10-28 17:08:08,676 INFO     lbry.wallet.header:178: on-demand fetching height 592000
2020-10-28 17:08:08,713 INFO     lbry.wallet.header:178: on-demand fetching height 591000
2020-10-28 17:08:08,743 INFO     lbry.wallet.header:178: on-demand fetching height 590000
2020-10-28 17:08:08,773 INFO     lbry.wallet.header:178: on-demand fetching height 589000
2020-10-28 17:08:08,805 INFO     lbry.wallet.header:178: on-demand fetching height 588000
2020-10-28 17:08:08,835 INFO     lbry.wallet.header:178: on-demand fetching height 587000
2020-10-28 17:08:08,864 INFO     lbry.wallet.header:178: on-demand fetching height 586000
2020-10-28 17:08:08,892 INFO     lbry.wallet.header:178: on-demand fetching height 585000
2020-10-28 17:08:08,921 INFO     lbry.wallet.header:178: on-demand fetching height 584000
2020-10-28 17:08:08,950 INFO     lbry.wallet.header:178: on-demand fetching height 583000
2020-10-28 17:08:08,982 INFO     lbry.wallet.header:178: on-demand fetching height 582000
2020-10-28 17:08:09,014 INFO     lbry.wallet.header:178: on-demand fetching height 581000
2020-10-28 17:08:09,044 INFO     lbry.wallet.header:178: on-demand fetching height 580000
2020-10-28 17:08:09,076 INFO     lbry.wallet.header:178: on-demand fetching height 579000
2020-10-28 17:08:09,108 INFO     lbry.wallet.header:178: on-demand fetching height 578000
2020-10-28 17:08:09,139 INFO     lbry.wallet.header:178: on-demand fetching height 577000
2020-10-28 17:08:09,165 INFO     lbry.wallet.header:178: on-demand fetching height 576000
2020-10-28 17:08:09,198 INFO     lbry.wallet.header:178: on-demand fetching height 575000
2020-10-28 17:08:09,415 INFO     lbry.wallet.header:178: on-demand fetching height 574000
2020-10-28 17:08:09,446 INFO     lbry.wallet.header:178: on-demand fetching height 573000
2020-10-28 17:08:09,479 INFO     lbry.wallet.header:178: on-demand fetching height 572000
2020-10-28 17:08:09,510 INFO     lbry.wallet.header:178: on-demand fetching height 571000
2020-10-28 17:08:09,539 INFO     lbry.wallet.header:178: on-demand fetching height 570000
2020-10-28 17:08:09,565 INFO     lbry.wallet.header:178: on-demand fetching height 569000
2020-10-28 17:08:09,591 INFO     lbry.wallet.header:178: on-demand fetching height 568000
2020-10-28 17:08:09,621 INFO     lbry.wallet.header:178: on-demand fetching height 567000
2020-10-28 17:08:09,650 INFO     lbry.wallet.header:178: on-demand fetching height 566000
2020-10-28 17:08:09,681 INFO     lbry.wallet.header:178: on-demand fetching height 565000
2020-10-28 17:08:09,720 INFO     lbry.wallet.header:178: on-demand fetching height 564000
2020-10-28 17:08:09,748 INFO     lbry.wallet.header:178: on-demand fetching height 563000
2020-10-28 17:08:09,776 INFO     lbry.wallet.header:178: on-demand fetching height 562000
2020-10-28 17:08:09,807 INFO     lbry.wallet.header:178: on-demand fetching height 561000
2020-10-28 17:08:09,838 INFO     lbry.wallet.header:178: on-demand fetching height 560000
2020-10-28 17:08:09,868 INFO     lbry.wallet.header:178: on-demand fetching height 559000
2020-10-28 17:08:09,901 INFO     lbry.wallet.header:178: on-demand fetching height 558000
2020-10-28 17:08:09,928 INFO     lbry.wallet.header:178: on-demand fetching height 557000
2020-10-28 17:08:09,959 INFO     lbry.wallet.header:178: on-demand fetching height 556000
2020-10-28 17:08:09,988 INFO     lbry.wallet.header:178: on-demand fetching height 555000
2020-10-28 17:08:10,015 INFO     lbry.wallet.header:178: on-demand fetching height 554000
2020-10-28 17:08:10,043 INFO     lbry.wallet.header:178: on-demand fetching height 553000
2020-10-28 17:08:10,069 INFO     lbry.wallet.header:178: on-demand fetching height 552000
2020-10-28 17:08:10,098 INFO     lbry.wallet.header:178: on-demand fetching height 551000
2020-10-28 17:08:10,126 INFO     lbry.wallet.header:178: on-demand fetching height 550000
2020-10-28 17:08:10,154 INFO     lbry.wallet.header:178: on-demand fetching height 549000
2020-10-28 17:08:10,185 INFO     lbry.wallet.header:178: on-demand fetching height 548000
2020-10-28 17:08:10,214 INFO     lbry.wallet.header:178: on-demand fetching height 547000
2020-10-28 17:08:10,244 INFO     lbry.wallet.header:178: on-demand fetching height 546000
2020-10-28 17:08:10,273 INFO     lbry.wallet.header:178: on-demand fetching height 545000
2020-10-28 17:08:10,302 INFO     lbry.wallet.header:178: on-demand fetching height 544000
2020-10-28 17:08:10,331 INFO     lbry.wallet.header:178: on-demand fetching height 543000
2020-10-28 17:08:10,360 INFO     lbry.wallet.header:178: on-demand fetching height 542000
2020-10-28 17:08:10,389 INFO     lbry.wallet.header:178: on-demand fetching height 541000
2020-10-28 17:08:10,602 INFO     lbry.wallet.header:178: on-demand fetching height 540000
2020-10-28 17:08:10,633 INFO     lbry.wallet.header:178: on-demand fetching height 539000
2020-10-28 17:08:10,661 INFO     lbry.wallet.header:178: on-demand fetching height 538000
2020-10-28 17:08:10,688 INFO     lbry.wallet.header:178: on-demand fetching height 537000
2020-10-28 17:08:10,717 INFO     lbry.wallet.header:178: on-demand fetching height 536000
2020-10-28 17:08:10,746 INFO     lbry.wallet.header:178: on-demand fetching height 535000
2020-10-28 17:08:10,775 INFO     lbry.wallet.header:178: on-demand fetching height 534000
2020-10-28 17:08:10,803 INFO     lbry.wallet.header:178: on-demand fetching height 533000
2020-10-28 17:08:10,835 INFO     lbry.wallet.header:178: on-demand fetching height 532000
2020-10-28 17:08:10,865 INFO     lbry.wallet.header:178: on-demand fetching height 531000
2020-10-28 17:08:10,894 INFO     lbry.wallet.header:178: on-demand fetching height 530000
2020-10-28 17:08:10,922 INFO     lbry.wallet.header:178: on-demand fetching height 529000
2020-10-28 17:08:10,949 INFO     lbry.wallet.header:178: on-demand fetching height 528000
2020-10-28 17:08:10,974 INFO     lbry.wallet.header:178: on-demand fetching height 527000
2020-10-28 17:08:10,999 INFO     lbry.wallet.header:178: on-demand fetching height 526000
2020-10-28 17:08:11,026 INFO     lbry.wallet.header:178: on-demand fetching height 525000
2020-10-28 17:08:11,055 INFO     lbry.wallet.header:178: on-demand fetching height 524000
2020-10-28 17:08:11,085 INFO     lbry.wallet.header:178: on-demand fetching height 523000
2020-10-28 17:08:11,114 INFO     lbry.wallet.header:178: on-demand fetching height 522000
2020-10-28 17:08:11,142 INFO     lbry.wallet.header:178: on-demand fetching height 521000
2020-10-28 17:08:11,170 INFO     lbry.wallet.header:178: on-demand fetching height 520000
2020-10-28 17:08:11,196 INFO     lbry.wallet.header:178: on-demand fetching height 519000
2020-10-28 17:08:11,227 INFO     lbry.wallet.header:178: on-demand fetching height 518000
2020-10-28 17:08:11,257 INFO     lbry.wallet.header:178: on-demand fetching height 517000
2020-10-28 17:08:11,284 INFO     lbry.wallet.header:178: on-demand fetching height 516000
2020-10-28 17:08:11,313 INFO     lbry.wallet.header:178: on-demand fetching height 515000
2020-10-28 17:08:11,343 INFO     lbry.wallet.header:178: on-demand fetching height 514000
2020-10-28 17:08:11,372 INFO     lbry.wallet.header:178: on-demand fetching height 513000
2020-10-28 17:08:11,403 INFO     lbry.wallet.header:178: on-demand fetching height 512000
2020-10-28 17:08:11,437 INFO     lbry.wallet.header:178: on-demand fetching height 511000
2020-10-28 17:08:11,471 INFO     lbry.wallet.header:178: on-demand fetching height 510000
2020-10-28 17:08:11,499 INFO     lbry.wallet.header:178: on-demand fetching height 509000
2020-10-28 17:08:11,528 INFO     lbry.wallet.header:178: on-demand fetching height 508000
2020-10-28 17:08:11,560 INFO     lbry.wallet.header:178: on-demand fetching height 507000
2020-10-28 17:08:12,976 INFO     lbry.wallet.header:178: on-demand fetching height 506000
2020-10-28 17:08:13,021 INFO     lbry.wallet.header:178: on-demand fetching height 505000
2020-10-28 17:08:13,051 INFO     lbry.wallet.header:178: on-demand fetching height 504000
2020-10-28 17:08:13,082 INFO     lbry.wallet.header:178: on-demand fetching height 503000
2020-10-28 17:08:13,112 INFO     lbry.wallet.header:178: on-demand fetching height 502000
2020-10-28 17:08:13,141 INFO     lbry.wallet.header:178: on-demand fetching height 501000
2020-10-28 17:08:13,170 INFO     lbry.wallet.header:178: on-demand fetching height 500000
2020-10-28 17:08:13,199 INFO     lbry.wallet.header:178: on-demand fetching height 499000
2020-10-28 17:08:13,228 INFO     lbry.wallet.header:178: on-demand fetching height 498000
2020-10-28 17:08:13,259 INFO     lbry.wallet.header:178: on-demand fetching height 497000
2020-10-28 17:08:13,293 INFO     lbry.wallet.header:178: on-demand fetching height 496000
2020-10-28 17:08:13,331 INFO     lbry.wallet.header:178: on-demand fetching height 495000
2020-10-28 17:08:13,368 INFO     lbry.wallet.header:178: on-demand fetching height 494000
2020-10-28 17:08:13,401 INFO     lbry.wallet.header:178: on-demand fetching height 493000
2020-10-28 17:08:13,440 INFO     lbry.wallet.header:178: on-demand fetching height 492000
2020-10-28 17:08:13,471 INFO     lbry.wallet.header:178: on-demand fetching height 491000
2020-10-28 17:08:13,509 INFO     lbry.wallet.header:178: on-demand fetching height 490000
2020-10-28 17:08:13,543 INFO     lbry.wallet.header:178: on-demand fetching height 489000
2020-10-28 17:08:13,577 INFO     lbry.wallet.header:178: on-demand fetching height 488000
2020-10-28 17:08:13,612 INFO     lbry.wallet.header:178: on-demand fetching height 487000
2020-10-28 17:08:13,647 INFO     lbry.wallet.header:178: on-demand fetching height 486000
2020-10-28 17:08:13,682 INFO     lbry.wallet.header:178: on-demand fetching height 485000
2020-10-28 17:08:13,715 INFO     lbry.wallet.header:178: on-demand fetching height 484000
2020-10-28 17:08:13,751 INFO     lbry.wallet.header:178: on-demand fetching height 483000
2020-10-28 17:08:13,783 INFO     lbry.wallet.header:178: on-demand fetching height 482000
2020-10-28 17:08:13,822 INFO     lbry.wallet.header:178: on-demand fetching height 481000
2020-10-28 17:08:13,855 INFO     lbry.wallet.header:178: on-demand fetching height 480000
2020-10-28 17:08:13,888 INFO     lbry.wallet.header:178: on-demand fetching height 479000
2020-10-28 17:08:14,106 INFO     lbry.wallet.header:178: on-demand fetching height 478000
2020-10-28 17:08:14,139 INFO     lbry.wallet.header:178: on-demand fetching height 477000
2020-10-28 17:08:14,173 INFO     lbry.wallet.header:178: on-demand fetching height 476000
2020-10-28 17:08:14,208 INFO     lbry.wallet.header:178: on-demand fetching height 475000
2020-10-28 17:08:14,243 INFO     lbry.wallet.header:178: on-demand fetching height 474000
2020-10-28 17:08:14,278 INFO     lbry.wallet.header:178: on-demand fetching height 473000
2020-10-28 17:08:14,313 INFO     lbry.wallet.header:178: on-demand fetching height 472000
2020-10-28 17:08:14,349 INFO     lbry.wallet.header:178: on-demand fetching height 471000
2020-10-28 17:08:14,382 INFO     lbry.wallet.header:178: on-demand fetching height 470000
2020-10-28 17:08:14,415 INFO     lbry.wallet.header:178: on-demand fetching height 469000
2020-10-28 17:08:14,447 INFO     lbry.wallet.header:178: on-demand fetching height 468000
2020-10-28 17:08:14,479 INFO     lbry.wallet.header:178: on-demand fetching height 467000
2020-10-28 17:08:14,512 INFO     lbry.wallet.header:178: on-demand fetching height 466000
2020-10-28 17:08:14,545 INFO     lbry.wallet.header:178: on-demand fetching height 465000
2020-10-28 17:08:14,579 INFO     lbry.wallet.header:178: on-demand fetching height 464000
2020-10-28 17:08:14,613 INFO     lbry.wallet.header:178: on-demand fetching height 463000
2020-10-28 17:08:14,649 INFO     lbry.wallet.header:178: on-demand fetching height 462000
2020-10-28 17:08:14,688 INFO     lbry.wallet.header:178: on-demand fetching height 461000
2020-10-28 17:08:14,720 INFO     lbry.wallet.header:178: on-demand fetching height 460000
2020-10-28 17:08:14,752 INFO     lbry.wallet.header:178: on-demand fetching height 459000
2020-10-28 17:08:14,785 INFO     lbry.wallet.header:178: on-demand fetching height 458000
2020-10-28 17:08:14,821 INFO     lbry.wallet.header:178: on-demand fetching height 457000
2020-10-28 17:08:14,855 INFO     lbry.wallet.header:178: on-demand fetching height 456000
2020-10-28 17:08:14,893 INFO     lbry.wallet.header:178: on-demand fetching height 455000
2020-10-28 17:08:14,925 INFO     lbry.wallet.header:178: on-demand fetching height 454000
2020-10-28 17:08:14,956 INFO     lbry.wallet.header:178: on-demand fetching height 453000
2020-10-28 17:08:14,988 INFO     lbry.wallet.header:178: on-demand fetching height 452000
2020-10-28 17:08:15,021 INFO     lbry.wallet.header:178: on-demand fetching height 451000
2020-10-28 17:08:15,056 INFO     lbry.wallet.header:178: on-demand fetching height 450000
2020-10-28 17:08:15,247 INFO     lbry.wallet.header:178: on-demand fetching height 449000
2020-10-28 17:08:15,283 INFO     lbry.wallet.header:178: on-demand fetching height 448000
2020-10-28 17:08:15,316 INFO     lbry.wallet.header:178: on-demand fetching height 447000
2020-10-28 17:08:15,348 INFO     lbry.wallet.header:178: on-demand fetching height 446000
2020-10-28 17:08:15,383 INFO     lbry.wallet.header:178: on-demand fetching height 445000
2020-10-28 17:08:15,415 INFO     lbry.wallet.header:178: on-demand fetching height 444000
2020-10-28 17:08:15,448 INFO     lbry.wallet.header:178: on-demand fetching height 443000
2020-10-28 17:08:15,484 INFO     lbry.wallet.header:178: on-demand fetching height 442000
2020-10-28 17:08:15,519 INFO     lbry.wallet.header:178: on-demand fetching height 441000
2020-10-28 17:08:15,552 INFO     lbry.wallet.header:178: on-demand fetching height 440000
2020-10-28 17:08:15,586 INFO     lbry.wallet.header:178: on-demand fetching height 439000
2020-10-28 17:08:15,620 INFO     lbry.wallet.header:178: on-demand fetching height 438000
2020-10-28 17:08:15,653 INFO     lbry.wallet.header:178: on-demand fetching height 437000
2020-10-28 17:08:15,688 INFO     lbry.wallet.header:178: on-demand fetching height 436000
2020-10-28 17:08:15,722 INFO     lbry.wallet.header:178: on-demand fetching height 435000
2020-10-28 17:08:15,757 INFO     lbry.wallet.header:178: on-demand fetching height 434000
2020-10-28 17:08:15,787 INFO     lbry.wallet.header:178: on-demand fetching height 433000
2020-10-28 17:08:15,821 INFO     lbry.wallet.header:178: on-demand fetching height 432000
2020-10-28 17:08:15,851 INFO     lbry.wallet.header:178: on-demand fetching height 431000
2020-10-28 17:08:15,880 INFO     lbry.wallet.header:178: on-demand fetching height 430000
2020-10-28 17:08:15,909 INFO     lbry.wallet.header:178: on-demand fetching height 429000
2020-10-28 17:08:15,942 INFO     lbry.wallet.header:178: on-demand fetching height 428000
2020-10-28 17:08:15,976 INFO     lbry.wallet.header:178: on-demand fetching height 427000
2020-10-28 17:08:16,009 INFO     lbry.wallet.header:178: on-demand fetching height 426000
2020-10-28 17:08:16,045 INFO     lbry.wallet.header:178: on-demand fetching height 425000
2020-10-28 17:08:16,081 INFO     lbry.wallet.header:178: on-demand fetching height 424000
2020-10-28 17:08:16,113 INFO     lbry.wallet.header:178: on-demand fetching height 423000
2020-10-28 17:08:16,148 INFO     lbry.wallet.header:178: on-demand fetching height 422000
2020-10-28 17:08:16,183 INFO     lbry.wallet.header:178: on-demand fetching height 421000
2020-10-28 17:08:16,217 INFO     lbry.wallet.header:178: on-demand fetching height 420000
2020-10-28 17:08:17,668 INFO     lbry.wallet.header:178: on-demand fetching height 419000
2020-10-28 17:08:17,697 INFO     lbry.wallet.header:178: on-demand fetching height 418000
2020-10-28 17:08:17,722 INFO     lbry.wallet.header:178: on-demand fetching height 417000
2020-10-28 17:08:17,749 INFO     lbry.wallet.header:178: on-demand fetching height 416000
2020-10-28 17:08:17,775 INFO     lbry.wallet.header:178: on-demand fetching height 415000
2020-10-28 17:08:17,800 INFO     lbry.wallet.header:178: on-demand fetching height 414000
2020-10-28 17:08:17,829 INFO     lbry.wallet.header:178: on-demand fetching height 413000
2020-10-28 17:08:17,858 INFO     lbry.wallet.header:178: on-demand fetching height 412000
2020-10-28 17:08:17,927 INFO     lbry.wallet.header:178: on-demand fetching height 411000
2020-10-28 17:08:17,955 INFO     lbry.wallet.header:178: on-demand fetching height 410000
2020-10-28 17:08:17,982 INFO     lbry.wallet.header:178: on-demand fetching height 409000
2020-10-28 17:08:18,017 INFO     lbry.wallet.header:178: on-demand fetching height 408000
2020-10-28 17:08:18,051 INFO     lbry.wallet.header:178: on-demand fetching height 407000
2020-10-28 17:08:18,083 INFO     lbry.wallet.header:178: on-demand fetching height 406000
2020-10-28 17:08:18,111 INFO     lbry.wallet.header:178: on-demand fetching height 405000
2020-10-28 17:08:18,139 INFO     lbry.wallet.header:178: on-demand fetching height 404000
2020-10-28 17:08:18,174 INFO     lbry.wallet.header:178: on-demand fetching height 403000
2020-10-28 17:08:18,207 INFO     lbry.wallet.header:178: on-demand fetching height 402000
2020-10-28 17:08:18,239 INFO     lbry.wallet.header:178: on-demand fetching height 401000
2020-10-28 17:08:18,266 INFO     lbry.wallet.header:178: on-demand fetching height 400000
2020-10-28 17:08:18,299 INFO     lbry.wallet.header:178: on-demand fetching height 399000
2020-10-28 17:08:18,333 INFO     lbry.wallet.header:178: on-demand fetching height 398000
2020-10-28 17:08:18,359 INFO     lbry.wallet.header:178: on-demand fetching height 397000
2020-10-28 17:08:18,385 INFO     lbry.wallet.header:178: on-demand fetching height 396000
2020-10-28 17:08:18,417 INFO     lbry.wallet.header:178: on-demand fetching height 395000
2020-10-28 17:08:18,450 INFO     lbry.wallet.header:178: on-demand fetching height 394000
2020-10-28 17:08:18,482 INFO     lbry.wallet.header:178: on-demand fetching height 393000
